Using pre-set license
Built from '2021.3/staging' branch; Version is '2021.3.16f1 (4016570cf34f) revision 4200023'; Using compiler version '192829333'; Build Type 'Release'
OS: 'Windows 10  (10.0.19045) 64bit Core' Language: 'ru' Physical Memory: 16301 MB
BatchMode: 1, IsHumanControllingUs: 0, StartBugReporterOnCrash: 0, Is64bit: 1, IsPro: 1

COMMAND LINE ARGUMENTS:
D:\Unity stuff\2021.3.16f1\Editor\Unity.exe
-adb2
-batchMode
-noUpm
-name
AssetImportWorker0
-projectPath
D:/менюха/Менюшка/My project
-logFile
Logs/AssetImportWorker0.log
-srvPort
50941
Successfully changed project path to: D:/менюха/Менюшка/My project
D:/менюха/Менюшка/My project
[UnityMemory] Configuration Parameters - Can be set up in boot.config
    "memorysetup-bucket-allocator-granularity=16"
    "memorysetup-bucket-allocator-bucket-count=8"
    "memorysetup-bucket-allocator-block-size=33554432"
    "memorysetup-bucket-allocator-block-count=8"
    "memorysetup-main-allocator-block-size=16777216"
    "memorysetup-thread-allocator-block-size=16777216"
    "memorysetup-gfx-main-allocator-block-size=16777216"
    "memorysetup-gfx-thread-allocator-block-size=16777216"
    "memorysetup-cache-allocator-block-size=4194304"
    "memorysetup-typetree-allocator-block-size=2097152"
    "memorysetup-profiler-bucket-allocator-granularity=16"
    "memorysetup-profiler-bucket-allocator-bucket-count=8"
    "memorysetup-profiler-bucket-allocator-block-size=33554432"
    "memorysetup-profiler-bucket-allocator-block-count=8"
    "memorysetup-profiler-allocator-block-size=16777216"
    "memorysetup-profiler-editor-allocator-block-size=1048576"
    "memorysetup-temp-allocator-size-main=16777216"
    "memorysetup-job-temp-allocator-block-size=2097152"
    "memorysetup-job-temp-allocator-block-size-background=1048576"
    "memorysetup-job-temp-allocator-reduction-small-platforms=262144"
    "memorysetup-temp-allocator-size-background-worker=32768"
    "memorysetup-temp-allocator-size-job-worker=262144"
    "memorysetup-temp-allocator-size-preload-manager=33554432"
    "memorysetup-temp-allocator-size-nav-mesh-worker=65536"
    "memorysetup-temp-allocator-size-audio-worker=65536"
    "memorysetup-temp-allocator-size-cloud-worker=32768"
    "memorysetup-temp-allocator-size-gi-baking-worker=262144"
    "memorysetup-temp-allocator-size-gfx=262144"
Player connection [4292] Host "[IP] 192.168.0.102 [Port] 0 [Flags] 2 [Guid] 1749340689 [EditorId] 1749340689 [Version] 1048832 [Id] WindowsEditor(7,DESKTOP-N8M7UOM) [Debug] 1 [PackageName] WindowsEditor [ProjectName] Editor" joined multi-casting on [225.0.0.222:54997]...

Player connection [4292] Host "[IP] 192.168.0.102 [Port] 0 [Flags] 2 [Guid] 1749340689 [EditorId] 1749340689 [Version] 1048832 [Id] WindowsEditor(7,DESKTOP-N8M7UOM) [Debug] 1 [PackageName] WindowsEditor [ProjectName] Editor" joined alternative multi-casting on [225.0.0.222:34997]...

Refreshing native plugins compatible for Editor in 84.03 ms, found 3 plugins.
Preloading 0 native plugins for Editor in 0.00 ms.
Initialize engine version: 2021.3.16f1 (4016570cf34f)
[Subsystems] Discovering subsystems at path D:/Unity stuff/2021.3.16f1/Editor/Data/Resources/UnitySubsystems
[Subsystems] Discovering subsystems at path D:/менюха/Менюшка/My project/Assets
GfxDevice: creating device client; threaded=0; jobified=0
Direct3D:
    Version:  Direct3D 11.0 [level 11.1]
    Renderer: NVIDIA GeForce GTX 1070 Ti (ID=0x1b82)
    Vendor:   NVIDIA
    VRAM:     8073 MB
    Driver:   31.0.15.2686
Initialize mono
Mono path[0] = 'D:/Unity stuff/2021.3.16f1/Editor/Data/Managed'
Mono path[1] = 'D:/Unity stuff/2021.3.16f1/Editor/Data/MonoBleedingEdge/lib/mono/unityjit-win32'
Mono config path = 'D:/Unity stuff/2021.3.16f1/Editor/Data/MonoBleedingEdge/etc'
Using monoOptions --debugger-agent=transport=dt_socket,embedding=1,server=y,suspend=n,address=127.0.0.1:56760
Begin MonoManager ReloadAssembly
Registering precompiled unity dll's ...
Register platform support module: D:/Unity stuff/2021.3.16f1/Editor/Data/PlaybackEngines/WebGLSupport/UnityEditor.WebGL.Extensions.dll
Register platform support module: D:/Unity stuff/2021.3.16f1/Editor/Data/PlaybackEngines/WindowsStandaloneSupport/UnityEditor.WindowsStandalone.Extensions.dll
Registered in 0.002741 seconds.
Native extension for WindowsStandalone target not found
Native extension for WebGL target not found
Refreshing native plugins compatible for Editor in 75.18 ms, found 3 plugins.
Preloading 0 native plugins for Editor in 0.00 ms.
Mono: successfully reloaded assembly
- Completed reload, in  0.575 seconds
Domain Reload Profiling:
	ReloadAssembly (575ms)
		BeginReloadAssembly (67ms)
			ExecutionOrderSort (0ms)
			DisableScriptedObjects (0ms)
			BackupInstance (0ms)
			ReleaseScriptingObjects (0ms)
			CreateAndSetChildDomain (1ms)
		EndReloadAssembly (413ms)
			LoadAssemblies (66ms)
			RebuildTransferFunctionScriptingTraits (0ms)
			SetupTypeCache (100ms)
			ReleaseScriptCaches (0ms)
			RebuildScriptCaches (27ms)
			SetupLoadedEditorAssemblies (242ms)
				LogAssemblyErrors (0ms)
				InitializePlatformSupportModulesInManaged (7ms)
				SetLoadedEditorAssemblies (0ms)
				RefreshPlugins (75ms)
				BeforeProcessingInitializeOnLoad (1ms)
				ProcessInitializeOnLoadAttributes (117ms)
				ProcessInitializeOnLoadMethodAttributes (42ms)
				AfterProcessingInitializeOnLoad (0ms)
				EditorAssembliesLoaded (0ms)
			ExecutionOrderSort2 (0ms)
			AwakeInstancesAfterBackupRestoration (0ms)
Platform modules already initialized, skipping
Registering precompiled user dll's ...
Registered in 0.004043 seconds.
Begin MonoManager ReloadAssembly
Native extension for WindowsStandalone target not found
Native extension for WebGL target not found
Refreshing native plugins compatible for Editor in 1.15 ms, found 3 plugins.
Preloading 0 native plugins for Editor in 0.00 ms.
Mono: successfully reloaded assembly
- Completed reload, in  0.969 seconds
Domain Reload Profiling:
	ReloadAssembly (970ms)
		BeginReloadAssembly (101ms)
			ExecutionOrderSort (0ms)
			DisableScriptedObjects (6ms)
			BackupInstance (0ms)
			ReleaseScriptingObjects (0ms)
			CreateAndSetChildDomain (18ms)
		EndReloadAssembly (766ms)
			LoadAssemblies (78ms)
			RebuildTransferFunctionScriptingTraits (0ms)
			SetupTypeCache (267ms)
			ReleaseScriptCaches (1ms)
			RebuildScriptCaches (51ms)
			SetupLoadedEditorAssemblies (332ms)
				LogAssemblyErrors (0ms)
				InitializePlatformSupportModulesInManaged (5ms)
				SetLoadedEditorAssemblies (1ms)
				RefreshPlugins (1ms)
				BeforeProcessingInitializeOnLoad (78ms)
				ProcessInitializeOnLoadAttributes (223ms)
				ProcessInitializeOnLoadMethodAttributes (22ms)
				AfterProcessingInitializeOnLoad (3ms)
				EditorAssembliesLoaded (0ms)
			ExecutionOrderSort2 (0ms)
			AwakeInstancesAfterBackupRestoration (9ms)
Platform modules already initialized, skipping
========================================================================
Worker process is ready to serve import requests
Launched and connected shader compiler UnityShaderCompiler.exe after 0.14 seconds
Refreshing native plugins compatible for Editor in 1.13 ms, found 3 plugins.
Preloading 0 native plugins for Editor in 0.00 ms.
Unloading 3554 Unused Serialized files (Serialized files now loaded: 0)
Unloading 37 unused Assets / (1.3 MB). Loaded Objects now: 4016.
Memory consumption went from 144.9 MB to 143.6 MB.
Total: 4.666700 ms (FindLiveObjects: 0.459900 ms CreateObjectMapping: 0.314500 ms MarkObjects: 3.517000 ms  DeleteObjects: 0.374100 ms)

AssetImportParameters requested are different than current active one (requested -> active):
  custom:video-decoder-ogg-theora: a1e56fd34408186e4bbccfd4996cb3dc -> 
  custom:container-muxer-webm: aa71ff27fc2769a1b78a27578f13a17b -> 
  custom:container-demuxer-webm: 4f35f7cbe854078d1ac9338744f61a02 -> 
  custom:video-encoder-webm-vp8: eb34c28f22e8b96e1ab97ce403110664 -> 
  custom:video-codec-MediaFoundation-h265: e54d7ab0439102e2317fc1e4b246158d -> 
  custom:audio-encoder-webm-vorbis: bf7c407c2cedff20999df2af8eb42d56 -> 
  custom:framework-win-MediaFoundation: 216162199b28c13a410421893ffa2e32 -> 
  custom:container-demuxer-ogg: 62fdf1f143b41e24485cea50d1cbac27 -> 
  custom:video-decoder-webm-vp8: 9c59270c3fd7afecdb556c50c9e8de78 -> 
  custom:audio-decoder-ogg-vorbis: bf7c407c2cedff20999df2af8eb42d56 -> 
========================================================================
Received Import Request.
  Time since last request: 43579.597944 seconds.
  path: Assets/StreamingAssets/SettingsHelp.cs
  artifactKey: Guid(58bf5252a17c52a4c922b671feadfe31) Importer(815301076,1909f56bfc062723c751e8b465ee728b)
Start importing Assets/StreamingAssets/SettingsHelp.cs using Guid(58bf5252a17c52a4c922b671feadfe31) Importer(815301076,1909f56bfc062723c751e8b465ee728b)  -> (artifact id: '64ea3d8cf8ef2d0ef2ab91df1ef8950b') in 0.136498 seconds 
========================================================================
Received Import Request.
  Time since last request: 0.000033 seconds.
  path: Assets/StreamingAssets/GraphSettingsHelp.cs
  artifactKey: Guid(8c0d91242ef4ea44fafeac5e42d128d4) Importer(815301076,1909f56bfc062723c751e8b465ee728b)
Start importing Assets/StreamingAssets/GraphSettingsHelp.cs using Guid(8c0d91242ef4ea44fafeac5e42d128d4) Importer(815301076,1909f56bfc062723c751e8b465ee728b)  -> (artifact id: '7d166cb610cd85096995d378339a73a6') in 0.013636 seconds 
========================================================================
Received Import Request.
  Time since last request: 0.172219 seconds.
  path: Assets/StreamingAssets/SoundSettingsHelp.cs
  artifactKey: Guid(e48f0175d1606274b8a9c25097e194a1) Importer(815301076,1909f56bfc062723c751e8b465ee728b)
Start importing Assets/StreamingAssets/SoundSettingsHelp.cs using Guid(e48f0175d1606274b8a9c25097e194a1) Importer(815301076,1909f56bfc062723c751e8b465ee728b)  -> (artifact id: '4b6d9037f85ce8ec421ff9cefe50aa51') in 0.009670 seconds 
========================================================================
Received Import Request.
  Time since last request: 0.786054 seconds.
  path: Assets/StreamingAssets/GameHelp.cs
  artifactKey: Guid(c3a9233593ae87e4fae9d210ba571669) Importer(815301076,1909f56bfc062723c751e8b465ee728b)
Start importing Assets/StreamingAssets/GameHelp.cs using Guid(c3a9233593ae87e4fae9d210ba571669) Importer(815301076,1909f56bfc062723c751e8b465ee728b)  -> (artifact id: '8ad5b65a1ec362c374cebe3b1ea59a90') in 0.008893 seconds 
========================================================================
Received Import Request.
  Time since last request: 342.903771 seconds.
  path: Assets/Menu_Profiles/Brightness Profile.asset
  artifactKey: Guid(2e1d093ef35f8354c90b4e6d2456b434) Importer(815301076,1909f56bfc062723c751e8b465ee728b)
Start importing Assets/Menu_Profiles/Brightness Profile.asset using Guid(2e1d093ef35f8354c90b4e6d2456b434) Importer(815301076,1909f56bfc062723c751e8b465ee728b)  -> (artifact id: 'bad6f1da7c063dd9423689c4b5903615') in 0.035078 seconds 
========================================================================
Received Import Request.
  Time since last request: 5.062488 seconds.
  path: Assets/StartMenu.cs
  artifactKey: Guid(9c5119cd7d88c074999ec0faec6da394) Importer(815301076,1909f56bfc062723c751e8b465ee728b)
Start importing Assets/StartMenu.cs using Guid(9c5119cd7d88c074999ec0faec6da394) Importer(815301076,1909f56bfc062723c751e8b465ee728b)  -> (artifact id: 'a2d6a51344bb5d13f40bc64e66a830e2') in 0.007229 seconds 
========================================================================
Received Import Request.
  Time since last request: 228.587231 seconds.
  path: Assets/25 Rpg Game Tracks/Action 1 (Loop).wav
  artifactKey: Guid(5a1944aa7c9b294499f993b3c5b484f5) Importer(815301076,1909f56bfc062723c751e8b465ee728b)
Start importing Assets/25 Rpg Game Tracks/Action 1 (Loop).wav using Guid(5a1944aa7c9b294499f993b3c5b484f5) Importer(815301076,1909f56bfc062723c751e8b465ee728b)  -> (artifact id: '210a9b2a6ee6a0a6218cd8c6eb2d9ec5') in 0.185789 seconds 
========================================================================
Received Import Request.
  Time since last request: 0.000019 seconds.
  path: Assets/25 Rpg Game Tracks/Ambient 6.wav
  artifactKey: Guid(f7c94b00546f2484ea827051a05081a4) Importer(815301076,1909f56bfc062723c751e8b465ee728b)
Start importing Assets/25 Rpg Game Tracks/Ambient 6.wav using Guid(f7c94b00546f2484ea827051a05081a4) Importer(815301076,1909f56bfc062723c751e8b465ee728b)  -> (artifact id: 'e963529ebbdc5eefc8bc70a1bf31181c') in 0.049980 seconds 
========================================================================
Received Import Request.
  Time since last request: 0.000025 seconds.
  path: Assets/25 Rpg Game Tracks/Ambient 8.wav
  artifactKey: Guid(5be79b7e84c957149b703e849e1e5752) Importer(815301076,1909f56bfc062723c751e8b465ee728b)
Start importing Assets/25 Rpg Game Tracks/Ambient 8.wav using Guid(5be79b7e84c957149b703e849e1e5752) Importer(815301076,1909f56bfc062723c751e8b465ee728b)  -> (artifact id: '179f38982a166488da4706c9aa20de04') in 0.046395 seconds 
========================================================================
Received Import Request.
  Time since last request: 0.000019 seconds.
  path: Assets/25 Rpg Game Tracks/Ambient 3.wav
  artifactKey: Guid(c6c5cd0ee2d7db447be3ac0e13978c23) Importer(815301076,1909f56bfc062723c751e8b465ee728b)
Start importing Assets/25 Rpg Game Tracks/Ambient 3.wav using Guid(c6c5cd0ee2d7db447be3ac0e13978c23) Importer(815301076,1909f56bfc062723c751e8b465ee728b)  -> (artifact id: '8d102f71dc0052da2b6b84007126e834') in 0.017317 seconds 
========================================================================
Received Import Request.
  Time since last request: 0.000021 seconds.
  path: Assets/25 Rpg Game Tracks/Light Ambient 2 (Loop).wav
  artifactKey: Guid(ac699d8cc40c8f644ab5330e41d96588) Importer(815301076,1909f56bfc062723c751e8b465ee728b)
Start importing Assets/25 Rpg Game Tracks/Light Ambient 2 (Loop).wav using Guid(ac699d8cc40c8f644ab5330e41d96588) Importer(815301076,1909f56bfc062723c751e8b465ee728b)  -> (artifact id: '4b5a003dd9bbdd77167fe96ef5dcaa8e') in 0.019104 seconds 
========================================================================
Received Import Request.
  Time since last request: 0.000020 seconds.
  path: Assets/25 Rpg Game Tracks/Light Ambient 4 (Loop).wav
  artifactKey: Guid(d227190cd67e95b4c9250cdf23dae34d) Importer(815301076,1909f56bfc062723c751e8b465ee728b)
Start importing Assets/25 Rpg Game Tracks/Light Ambient 4 (Loop).wav using Guid(d227190cd67e95b4c9250cdf23dae34d) Importer(815301076,1909f56bfc062723c751e8b465ee728b)  -> (artifact id: '223e9b80e774fb030dd61a7109e46d4c') in 0.071511 seconds 
========================================================================
Received Import Request.
  Time since last request: 0.000016 seconds.
  path: Assets/25 Rpg Game Tracks/Night Ambient 4 (Loop).wav
  artifactKey: Guid(25003d8a689eefd41a89a886c4d9cc9a) Importer(815301076,1909f56bfc062723c751e8b465ee728b)
Start importing Assets/25 Rpg Game Tracks/Night Ambient 4 (Loop).wav using Guid(25003d8a689eefd41a89a886c4d9cc9a) Importer(815301076,1909f56bfc062723c751e8b465ee728b)  -> (artifact id: 'a1bc26173882df862aaa80591e627174') in 0.031388 seconds 
========================================================================
Received Import Request.
  Time since last request: 0.000019 seconds.
  path: Assets/25 Rpg Game Tracks/X2Download.app - Mars, Bringer Of War (Holst) - Full Metal Cover - JPJ (128 kbps).mp3
  artifactKey: Guid(502cde35226c0c04ebe3b811a97c6d23) Importer(815301076,1909f56bfc062723c751e8b465ee728b)
Start importing Assets/25 Rpg Game Tracks/X2Download.app - Mars, Bringer Of War (Holst) - Full Metal Cover - JPJ (128 kbps).mp3 using Guid(502cde35226c0c04ebe3b811a97c6d23) Importer(815301076,1909f56bfc062723c751e8b465ee728b)  -> (artifact id: '61029ba8fc70de45848a259af59f2dda') in 0.063652 seconds 
========================================================================
Received Import Request.
  Time since last request: 0.000024 seconds.
  path: Assets/25 Rpg Game Tracks/Ambient 2.wav
  artifactKey: Guid(40ac39dff6e2f354f81de00e760e72fd) Importer(815301076,1909f56bfc062723c751e8b465ee728b)
Start importing Assets/25 Rpg Game Tracks/Ambient 2.wav using Guid(40ac39dff6e2f354f81de00e760e72fd) Importer(815301076,1909f56bfc062723c751e8b465ee728b)  -> (artifact id: 'fe307923706b3db079dcd109cc52beba') in 0.017141 seconds 
========================================================================
Received Import Request.
  Time since last request: 0.000016 seconds.
  path: Assets/25 Rpg Game Tracks/Ambient 10 .wav
  artifactKey: Guid(0f9afe08b776e4544bd5f09c23eccfe8) Importer(815301076,1909f56bfc062723c751e8b465ee728b)
Start importing Assets/25 Rpg Game Tracks/Ambient 10 .wav using Guid(0f9afe08b776e4544bd5f09c23eccfe8) Importer(815301076,1909f56bfc062723c751e8b465ee728b)  -> (artifact id: 'cc13403228e4c28795d9ad07f43e31eb') in 0.017666 seconds 
========================================================================
Received Import Request.
  Time since last request: 0.000018 seconds.
  path: Assets/25 Rpg Game Tracks/Victory.wav
  artifactKey: Guid(4dbfbd1a56081db4ca174255a4d56b1f) Importer(815301076,1909f56bfc062723c751e8b465ee728b)
Start importing Assets/25 Rpg Game Tracks/Victory.wav using Guid(4dbfbd1a56081db4ca174255a4d56b1f) Importer(815301076,1909f56bfc062723c751e8b465ee728b)  -> (artifact id: 'd7a1c7b16f20308375b45aa3b0030672') in 0.033717 seconds 
========================================================================
Received Import Request.
  Time since last request: 0.000018 seconds.
  path: Assets/25 Rpg Game Tracks/Ambient 5.wav
  artifactKey: Guid(c38584c2f7da9da44a2c277f1cb756d6) Importer(815301076,1909f56bfc062723c751e8b465ee728b)
Start importing Assets/25 Rpg Game Tracks/Ambient 5.wav using Guid(c38584c2f7da9da44a2c277f1cb756d6) Importer(815301076,1909f56bfc062723c751e8b465ee728b)  -> (artifact id: '814edb2031fc41e4a8137c0c4ecc4440') in 0.018182 seconds 
========================================================================
Received Import Request.
  Time since last request: 0.000018 seconds.
  path: Assets/25 Rpg Game Tracks/Action 3 (Loop).wav
  artifactKey: Guid(75809951836972743baf521ade23dca0) Importer(815301076,1909f56bfc062723c751e8b465ee728b)
Start importing Assets/25 Rpg Game Tracks/Action 3 (Loop).wav using Guid(75809951836972743baf521ade23dca0) Importer(815301076,1909f56bfc062723c751e8b465ee728b)  -> (artifact id: '29274714df0de3b6d1389c7126f400fb') in 0.018273 seconds 
========================================================================
Received Import Request.
  Time since last request: 0.000016 seconds.
  path: Assets/25 Rpg Game Tracks/Night Ambient 1.wav
  artifactKey: Guid(fb273957e7edc6a4fb4bc7a4449bd241) Importer(815301076,1909f56bfc062723c751e8b465ee728b)
Start importing Assets/25 Rpg Game Tracks/Night Ambient 1.wav using Guid(fb273957e7edc6a4fb4bc7a4449bd241) Importer(815301076,1909f56bfc062723c751e8b465ee728b)  -> (artifact id: 'ddff40609d67b63b4fa30f36b9d686f0') in 0.017231 seconds 
========================================================================
Received Import Request.
  Time since last request: 0.000021 seconds.
  path: Assets/25 Rpg Game Tracks/Light Ambient 3 (Loop).wav
  artifactKey: Guid(91f820c11898b6e4882bd836c8c4e753) Importer(815301076,1909f56bfc062723c751e8b465ee728b)
Start importing Assets/25 Rpg Game Tracks/Light Ambient 3 (Loop).wav using Guid(91f820c11898b6e4882bd836c8c4e753) Importer(815301076,1909f56bfc062723c751e8b465ee728b)  -> (artifact id: 'a8114f62966800ec801a5192b0fb6399') in 0.030959 seconds 
========================================================================
Received Import Request.
  Time since last request: 0.000046 seconds.
  path: Assets/25 Rpg Game Tracks/Ambient 7.wav
  artifactKey: Guid(8b9cb98176c68a2409b2dc72d30e95a3) Importer(815301076,1909f56bfc062723c751e8b465ee728b)
Start importing Assets/25 Rpg Game Tracks/Ambient 7.wav using Guid(8b9cb98176c68a2409b2dc72d30e95a3) Importer(815301076,1909f56bfc062723c751e8b465ee728b)  -> (artifact id: '0900540ef3eeea6bfaa766e267346cea') in 0.023893 seconds 
========================================================================
Received Import Request.
  Time since last request: 0.000020 seconds.
  path: Assets/25 Rpg Game Tracks/Action 4 (Loop).wav
  artifactKey: Guid(c7539e82f49a8554cae4b061c0ff1227) Importer(815301076,1909f56bfc062723c751e8b465ee728b)
Start importing Assets/25 Rpg Game Tracks/Action 4 (Loop).wav using Guid(c7539e82f49a8554cae4b061c0ff1227) Importer(815301076,1909f56bfc062723c751e8b465ee728b)  -> (artifact id: '2ec747bbfe2db99ed47195e48b8004c2') in 0.017638 seconds 
========================================================================
Received Import Request.
  Time since last request: 0.000028 seconds.
  path: Assets/25 Rpg Game Tracks/Ambient 9.wav
  artifactKey: Guid(882f38efd0b3ac648b6aad20ea575499) Importer(815301076,1909f56bfc062723c751e8b465ee728b)
Start importing Assets/25 Rpg Game Tracks/Ambient 9.wav using Guid(882f38efd0b3ac648b6aad20ea575499) Importer(815301076,1909f56bfc062723c751e8b465ee728b)  -> (artifact id: 'fead69c3ba122d71f10850a467adfcc3') in 0.026569 seconds 
========================================================================
Received Import Request.
  Time since last request: 0.000020 seconds.
  path: Assets/25 Rpg Game Tracks/Light Ambient 1 (Loop).wav
  artifactKey: Guid(2fb2b5c48f49da74eb9d076b874fc160) Importer(815301076,1909f56bfc062723c751e8b465ee728b)
Start importing Assets/25 Rpg Game Tracks/Light Ambient 1 (Loop).wav using Guid(2fb2b5c48f49da74eb9d076b874fc160) Importer(815301076,1909f56bfc062723c751e8b465ee728b)  -> (artifact id: 'e6ed95a7803a40064b82a85933deeef6') in 0.020932 seconds 
========================================================================
Received Import Request.
  Time since last request: 0.000030 seconds.
  path: Assets/25 Rpg Game Tracks/Light Ambient 5 (Loop).wav
  artifactKey: Guid(2d6db0da4edfed74092f72177440b215) Importer(815301076,1909f56bfc062723c751e8b465ee728b)
Start importing Assets/25 Rpg Game Tracks/Light Ambient 5 (Loop).wav using Guid(2d6db0da4edfed74092f72177440b215) Importer(815301076,1909f56bfc062723c751e8b465ee728b)  -> (artifact id: '9dc6fb76d6efdf4802eee675c1882134') in 0.026307 seconds 
========================================================================
Received Import Request.
  Time since last request: 0.000023 seconds.
  path: Assets/25 Rpg Game Tracks/Action 2 (Loop).wav
  artifactKey: Guid(3f9d2a49059160546818cd858b1adc43) Importer(815301076,1909f56bfc062723c751e8b465ee728b)
Start importing Assets/25 Rpg Game Tracks/Action 2 (Loop).wav using Guid(3f9d2a49059160546818cd858b1adc43) Importer(815301076,1909f56bfc062723c751e8b465ee728b)  -> (artifact id: '82f9b9576dc0835ba360c74f8c6a79b0') in 0.016478 seconds 
========================================================================
Received Import Request.
  Time since last request: 0.000018 seconds.
  path: Assets/25 Rpg Game Tracks/Night Ambient 3 (Loop).wav
  artifactKey: Guid(211651790ff11c34591b916de308101a) Importer(815301076,1909f56bfc062723c751e8b465ee728b)
Start importing Assets/25 Rpg Game Tracks/Night Ambient 3 (Loop).wav using Guid(211651790ff11c34591b916de308101a) Importer(815301076,1909f56bfc062723c751e8b465ee728b)  -> (artifact id: '0ce19c1ca3fdf274edbce0292e314550') in 0.028945 seconds 
========================================================================
Received Import Request.
  Time since last request: 0.000022 seconds.
  path: Assets/25 Rpg Game Tracks/Night Ambient 2 (Loop).wav
  artifactKey: Guid(f5014cb6bee765148896a2729ae8f91f) Importer(815301076,1909f56bfc062723c751e8b465ee728b)
Start importing Assets/25 Rpg Game Tracks/Night Ambient 2 (Loop).wav using Guid(f5014cb6bee765148896a2729ae8f91f) Importer(815301076,1909f56bfc062723c751e8b465ee728b)  -> (artifact id: 'e7a9f4f550dbf61f27ccaa3f8b65eca8') in 0.033271 seconds 
========================================================================
Received Import Request.
  Time since last request: 0.000029 seconds.
  path: Assets/25 Rpg Game Tracks/Death.wav
  artifactKey: Guid(35ce408210dfa9843ba14da86f8efb4e) Importer(815301076,1909f56bfc062723c751e8b465ee728b)
Start importing Assets/25 Rpg Game Tracks/Death.wav using Guid(35ce408210dfa9843ba14da86f8efb4e) Importer(815301076,1909f56bfc062723c751e8b465ee728b)  -> (artifact id: 'a822f92fbe9602827c20f151423be0e2') in 0.017821 seconds 
========================================================================
Received Import Request.
  Time since last request: 0.000019 seconds.
  path: Assets/25 Rpg Game Tracks/Action 5 (Loop).wav
  artifactKey: Guid(826bb8ea4939f9340ba3d55e1120eb1f) Importer(815301076,1909f56bfc062723c751e8b465ee728b)
Start importing Assets/25 Rpg Game Tracks/Action 5 (Loop).wav using Guid(826bb8ea4939f9340ba3d55e1120eb1f) Importer(815301076,1909f56bfc062723c751e8b465ee728b)  -> (artifact id: '324b8bce0ccb0e8e44b5708ae313ed06') in 0.032659 seconds 
========================================================================
Received Import Request.
  Time since last request: 0.000020 seconds.
  path: Assets/25 Rpg Game Tracks/Complete.wav
  artifactKey: Guid(a2b51b225bf36d84d8229678edb7762e) Importer(815301076,1909f56bfc062723c751e8b465ee728b)
Start importing Assets/25 Rpg Game Tracks/Complete.wav using Guid(a2b51b225bf36d84d8229678edb7762e) Importer(815301076,1909f56bfc062723c751e8b465ee728b)  -> (artifact id: '52caa18cc0762100c602a8b1914b4165') in 0.017068 seconds 
========================================================================
Received Import Request.
  Time since last request: 0.000021 seconds.
  path: Assets/25 Rpg Game Tracks/Night Ambient 5 (Loop).wav
  artifactKey: Guid(ad1dff04ffad35d4392904012483407d) Importer(815301076,1909f56bfc062723c751e8b465ee728b)
Start importing Assets/25 Rpg Game Tracks/Night Ambient 5 (Loop).wav using Guid(ad1dff04ffad35d4392904012483407d) Importer(815301076,1909f56bfc062723c751e8b465ee728b)  -> (artifact id: '1818b54dc93b747c04141237917158ea') in 0.033161 seconds 
========================================================================
Received Import Request.
  Time since last request: 0.000024 seconds.
  path: Assets/25 Rpg Game Tracks/Strange.wav
  artifactKey: Guid(fe3018dbfd00f04429fa5b0feab4ac61) Importer(815301076,1909f56bfc062723c751e8b465ee728b)
Start importing Assets/25 Rpg Game Tracks/Strange.wav using Guid(fe3018dbfd00f04429fa5b0feab4ac61) Importer(815301076,1909f56bfc062723c751e8b465ee728b)  -> (artifact id: 'f76eecc7533fa30b836b4e8c75c11497') in 0.051914 seconds 
========================================================================
Received Import Request.
  Time since last request: 0.000022 seconds.
  path: Assets/25 Rpg Game Tracks/Ambient 1.wav
  artifactKey: Guid(3aa8f1d7601a19d4c88dcaaa262c2e06) Importer(815301076,1909f56bfc062723c751e8b465ee728b)
Start importing Assets/25 Rpg Game Tracks/Ambient 1.wav using Guid(3aa8f1d7601a19d4c88dcaaa262c2e06) Importer(815301076,1909f56bfc062723c751e8b465ee728b)  -> (artifact id: 'ca73fe381ff8a22bc3b40a7cf06f2afd') in 0.027772 seconds 
========================================================================
Received Import Request.
  Time since last request: 0.000023 seconds.
  path: Assets/25 Rpg Game Tracks/Ambient 4.wav
  artifactKey: Guid(b82b0d87309722341a8926c780d9426d) Importer(815301076,1909f56bfc062723c751e8b465ee728b)
Start importing Assets/25 Rpg Game Tracks/Ambient 4.wav using Guid(b82b0d87309722341a8926c780d9426d) Importer(815301076,1909f56bfc062723c751e8b465ee728b)  -> (artifact id: '0d517a50e6cb7411eddcc4b4923f1b18') in 0.034809 seconds 
========================================================================
Received Import Request.
  Time since last request: 8.405821 seconds.
  path: Assets/Scenes/Brightness.cs
  artifactKey: Guid(39ce7e28cf295b44bac190d91be5733b) Importer(815301076,1909f56bfc062723c751e8b465ee728b)
Start importing Assets/Scenes/Brightness.cs using Guid(39ce7e28cf295b44bac190d91be5733b) Importer(815301076,1909f56bfc062723c751e8b465ee728b)  -> (artifact id: '5db93cf557bcc8b45434709d73cacf7b') in 0.039370 seconds 
========================================================================
Received Import Request.
  Time since last request: 23.719929 seconds.
  path: Assets/Scripts/ButtonFX.cs
  artifactKey: Guid(2b957df3c18ae70449119291f821f060) Importer(815301076,1909f56bfc062723c751e8b465ee728b)
Start importing Assets/Scripts/ButtonFX.cs using Guid(2b957df3c18ae70449119291f821f060) Importer(815301076,1909f56bfc062723c751e8b465ee728b)  -> (artifact id: '6aa83630f757559db1014b18ec587882') in 0.007151 seconds 
========================================================================
Received Import Request.
  Time since last request: 18.348278 seconds.
  path: Assets/Scripts/GameBar.cs
  artifactKey: Guid(ac0916a0fdb9f5044ad05a9874723d51) Importer(815301076,1909f56bfc062723c751e8b465ee728b)
Start importing Assets/Scripts/GameBar.cs using Guid(ac0916a0fdb9f5044ad05a9874723d51) Importer(815301076,1909f56bfc062723c751e8b465ee728b)  -> (artifact id: '86c612bf195b59216e90760f83a78b8c') in 0.008214 seconds 
========================================================================
Received Import Request.
  Time since last request: 43.333316 seconds.
  path: Assets/Scripts/HealthBar.cs
  artifactKey: Guid(a2a67a4282702854588dacfc43fca32d) Importer(815301076,1909f56bfc062723c751e8b465ee728b)
Start importing Assets/Scripts/HealthBar.cs using Guid(a2a67a4282702854588dacfc43fca32d) Importer(815301076,1909f56bfc062723c751e8b465ee728b)  -> (artifact id: '440bc97714768d4c5ee5bd36a7c936d3') in 0.007253 seconds 
========================================================================
Received Import Request.
  Time since last request: 40.119670 seconds.
  path: Assets/Scripts/HelpOpen.cs
  artifactKey: Guid(1bf435f4c1bad2d40a644be0828614c3) Importer(815301076,1909f56bfc062723c751e8b465ee728b)
Start importing Assets/Scripts/HelpOpen.cs using Guid(1bf435f4c1bad2d40a644be0828614c3) Importer(815301076,1909f56bfc062723c751e8b465ee728b)  -> (artifact id: '7c3e188a63b68ef63ff847b6ec298155') in 0.021977 seconds 
========================================================================
Received Import Request.
  Time since last request: 12.955734 seconds.
  path: Assets/Scripts/HiderShower.cs
  artifactKey: Guid(9889a50748a554b40bc4dab396336e3f) Importer(815301076,1909f56bfc062723c751e8b465ee728b)
Start importing Assets/Scripts/HiderShower.cs using Guid(9889a50748a554b40bc4dab396336e3f) Importer(815301076,1909f56bfc062723c751e8b465ee728b)  -> (artifact id: '8a089434c91c35bc323192d4421566c4') in 0.009539 seconds 
========================================================================
Received Import Request.
  Time since last request: 18.855870 seconds.
  path: Assets/Scripts/InputButton.cs
  artifactKey: Guid(837ca77966d86f747966d69aa0e33745) Importer(815301076,1909f56bfc062723c751e8b465ee728b)
Start importing Assets/Scripts/InputButton.cs using Guid(837ca77966d86f747966d69aa0e33745) Importer(815301076,1909f56bfc062723c751e8b465ee728b)  -> (artifact id: 'ed3e8b56088b9296c0516d2f2b0ac0e5') in 0.008003 seconds 
========================================================================
Received Import Request.
  Time since last request: 6.537254 seconds.
  path: Assets/Scripts/InputManager.cs
  artifactKey: Guid(d29cef47b30be6747a200c13dcde2fce) Importer(815301076,1909f56bfc062723c751e8b465ee728b)
Start importing Assets/Scripts/InputManager.cs using Guid(d29cef47b30be6747a200c13dcde2fce) Importer(815301076,1909f56bfc062723c751e8b465ee728b)  -> (artifact id: '3a2765ab56849cd300400f07333263a5') in 0.009311 seconds 
========================================================================
Received Import Request.
  Time since last request: 16.079902 seconds.
  path: Assets/Scripts/Interface.cs
  artifactKey: Guid(dbea051ab17eaf140a94f8ebb21e461b) Importer(815301076,1909f56bfc062723c751e8b465ee728b)
Start importing Assets/Scripts/Interface.cs using Guid(dbea051ab17eaf140a94f8ebb21e461b) Importer(815301076,1909f56bfc062723c751e8b465ee728b)  -> (artifact id: 'efc1682555f3ef03263c8761b2bfdd3a') in 0.007280 seconds 
========================================================================
Received Import Request.
  Time since last request: 9.366419 seconds.
  path: Assets/Scripts/QualitySetter.cs
  artifactKey: Guid(582875bc139828843b37292e59476735) Importer(815301076,1909f56bfc062723c751e8b465ee728b)
Start importing Assets/Scripts/QualitySetter.cs using Guid(582875bc139828843b37292e59476735) Importer(815301076,1909f56bfc062723c751e8b465ee728b)  -> (artifact id: 'b7ad7fd557e2f11985fcafd8bea90eb8') in 0.010329 seconds 
========================================================================
Received Import Request.
  Time since last request: 14.890920 seconds.
  path: Assets/Scripts/ResolutionChanger.cs
  artifactKey: Guid(2292252de70631843805a84acba73fe5) Importer(815301076,1909f56bfc062723c751e8b465ee728b)
Start importing Assets/Scripts/ResolutionChanger.cs using Guid(2292252de70631843805a84acba73fe5) Importer(815301076,1909f56bfc062723c751e8b465ee728b)  -> (artifact id: '5b9511f0eace4f84cd7af3721a3e2a07') in 0.008429 seconds 
========================================================================
Received Import Request.
  Time since last request: 15.887923 seconds.
  path: Assets/Scripts/Sliders.cs
  artifactKey: Guid(2607728ba0da28045ac84638441829bb) Importer(815301076,1909f56bfc062723c751e8b465ee728b)
Start importing Assets/Scripts/Sliders.cs using Guid(2607728ba0da28045ac84638441829bb) Importer(815301076,1909f56bfc062723c751e8b465ee728b)  -> (artifact id: '6c1947774dd2f12e2ae43362623ac5cc') in 0.008263 seconds 
========================================================================
Received Import Request.
  Time since last request: 121.518018 seconds.
  path: Assets/Textures/CamMiniMap.renderTexture
  artifactKey: Guid(f9732b28dc4bb1e4db911983bc0aaf47) Importer(815301076,1909f56bfc062723c751e8b465ee728b)
Start importing Assets/Textures/CamMiniMap.renderTexture using Guid(f9732b28dc4bb1e4db911983bc0aaf47) Importer(815301076,1909f56bfc062723c751e8b465ee728b)  -> (artifact id: '474edc97fa1466ed51120d959454050c') in 0.073298 seconds 
========================================================================
Received Import Request.
  Time since last request: 0.000016 seconds.
  path: Assets/Textures/Линейка.jpg
  artifactKey: Guid(4df9170480ff4564ca03facd11daa8e2) Importer(815301076,1909f56bfc062723c751e8b465ee728b)
Start importing Assets/Textures/Линейка.jpg using Guid(4df9170480ff4564ca03facd11daa8e2) Importer(815301076,1909f56bfc062723c751e8b465ee728b)  -> (artifact id: '68efd3ca7b783e3e770c9ad62a0deeb3') in 0.071580 seconds 
========================================================================
Received Import Request.
  Time since last request: 0.000019 seconds.
  path: Assets/Textures/Окаймовка.png
  artifactKey: Guid(4e28e7ac349312e4895fdf62ca613877) Importer(815301076,1909f56bfc062723c751e8b465ee728b)
Start importing Assets/Textures/Окаймовка.png using Guid(4e28e7ac349312e4895fdf62ca613877) Importer(815301076,1909f56bfc062723c751e8b465ee728b)  -> (artifact id: '24fb8b0e29daccfef18c4dfcc7d3583e') in 0.029915 seconds 
========================================================================
Received Import Request.
  Time since last request: 0.000019 seconds.
  path: Assets/Textures/Screenshot_1.png
  artifactKey: Guid(88cec4e3c96de8545846e76e5e949cbe) Importer(815301076,1909f56bfc062723c751e8b465ee728b)
Start importing Assets/Textures/Screenshot_1.png using Guid(88cec4e3c96de8545846e76e5e949cbe) Importer(815301076,1909f56bfc062723c751e8b465ee728b)  -> (artifact id: 'a87ea3a63f546d2b70497307a672c4c9') in 0.064923 seconds 
========================================================================
Received Import Request.
  Time since last request: 0.000032 seconds.
  path: Assets/Textures/Main.guiskin
  artifactKey: Guid(50ecf04a0c6b1c644b32e14d3451fa2b) Importer(815301076,1909f56bfc062723c751e8b465ee728b)
Start importing Assets/Textures/Main.guiskin using Guid(50ecf04a0c6b1c644b32e14d3451fa2b) Importer(815301076,1909f56bfc062723c751e8b465ee728b)  -> (artifact id: 'e969ee207dc305f85905887a81326875') in 0.027160 seconds 
========================================================================
Received Import Request.
  Time since last request: 0.000016 seconds.
  path: Assets/Textures/Квадрат меню.png
  artifactKey: Guid(d32a7184de06a0c42a6a0bf3328e5a36) Importer(815301076,1909f56bfc062723c751e8b465ee728b)
Start importing Assets/Textures/Квадрат меню.png using Guid(d32a7184de06a0c42a6a0bf3328e5a36) Importer(815301076,1909f56bfc062723c751e8b465ee728b)  -> (artifact id: 'e24f0e8dfa15c1e18f174412ddc123d6') in 0.056207 seconds 
========================================================================
Received Import Request.
  Time since last request: 0.000021 seconds.
  path: Assets/Textures/Screenshot_1 1.png
  artifactKey: Guid(8d53b6aea3d1b584db2388e5e873ee9f) Importer(815301076,1909f56bfc062723c751e8b465ee728b)
Start importing Assets/Textures/Screenshot_1 1.png using Guid(8d53b6aea3d1b584db2388e5e873ee9f) Importer(815301076,1909f56bfc062723c751e8b465ee728b)  -> (artifact id: '389f4f36f9f643ab506d353f2a87a060') in 0.034511 seconds 
========================================================================
Received Import Request.
  Time since last request: 0.000017 seconds.
  path: Assets/Textures/MiniMap.mat
  artifactKey: Guid(f120d8ab4cf753140b4ca0c0f9030adf) Importer(815301076,1909f56bfc062723c751e8b465ee728b)
Start importing Assets/Textures/MiniMap.mat using Guid(f120d8ab4cf753140b4ca0c0f9030adf) Importer(815301076,1909f56bfc062723c751e8b465ee728b)  -> (artifact id: 'e4af866fc028e4d14a014dbb41c548b7') in 0.135511 seconds 
========================================================================
Received Import Request.
  Time since last request: 0.000018 seconds.
  path: Assets/Textures/Dmitry_Yuryevich_Puchkov_Goblin_2013_-_cropped.jpg
  artifactKey: Guid(4084d071fc3ae194bbd416c8fdb832d1) Importer(815301076,1909f56bfc062723c751e8b465ee728b)
Start importing Assets/Textures/Dmitry_Yuryevich_Puchkov_Goblin_2013_-_cropped.jpg using Guid(4084d071fc3ae194bbd416c8fdb832d1) Importer(815301076,1909f56bfc062723c751e8b465ee728b)  -> (artifact id: 'e372571ab74f1819c83c1d0d48715471') in 0.036028 seconds 
========================================================================
Received Import Request.
  Time since last request: 1.056599 seconds.
  path: Assets/TreasureIcons/2d icons/treasure_icon0001.png
  artifactKey: Guid(7380cd877657cc249bdb3d6d2519d946) Importer(815301076,1909f56bfc062723c751e8b465ee728b)
Start importing Assets/TreasureIcons/2d icons/treasure_icon0001.png using Guid(7380cd877657cc249bdb3d6d2519d946) Importer(815301076,1909f56bfc062723c751e8b465ee728b)  -> (artifact id: '73ce4411fa48a163e668e49393a4dce5') in 0.114836 seconds 
========================================================================
Received Import Request.
  Time since last request: 0.000015 seconds.
  path: Assets/TreasureIcons/2d icons/treasure_icon0036.png
  artifactKey: Guid(82cd834198c0eec4a940cdf3c8965202) Importer(815301076,1909f56bfc062723c751e8b465ee728b)
Start importing Assets/TreasureIcons/2d icons/treasure_icon0036.png using Guid(82cd834198c0eec4a940cdf3c8965202) Importer(815301076,1909f56bfc062723c751e8b465ee728b)  -> (artifact id: 'c69fb94845d9e2d094ac4a9a15421b01') in 0.019269 seconds 
========================================================================
Received Import Request.
  Time since last request: 0.000025 seconds.
  path: Assets/TreasureIcons/2d icons/treasure_icon0002.png
  artifactKey: Guid(6610d6f416e0e904c8b7b01b20d4e510) Importer(815301076,1909f56bfc062723c751e8b465ee728b)
Start importing Assets/TreasureIcons/2d icons/treasure_icon0002.png using Guid(6610d6f416e0e904c8b7b01b20d4e510) Importer(815301076,1909f56bfc062723c751e8b465ee728b)  -> (artifact id: 'a8f2aa04d007deda63925a0cdc920fcd') in 0.039516 seconds 
========================================================================
Received Import Request.
  Time since last request: 0.000020 seconds.
  path: Assets/TreasureIcons/2d icons/treasure_icon0037.png
  artifactKey: Guid(96883a59c4ec26e4c9d79a36e35cba5a) Importer(815301076,1909f56bfc062723c751e8b465ee728b)
Start importing Assets/TreasureIcons/2d icons/treasure_icon0037.png using Guid(96883a59c4ec26e4c9d79a36e35cba5a) Importer(815301076,1909f56bfc062723c751e8b465ee728b)  -> (artifact id: '7bc1ef5ebeafd251b763471e86c02d51') in 0.028600 seconds 
========================================================================
Received Import Request.
  Time since last request: 0.000028 seconds.
  path: Assets/TreasureIcons/2d icons/treasure_icon0013.png
  artifactKey: Guid(ac86018d61a9b1646a6dab757f553b8d) Importer(815301076,1909f56bfc062723c751e8b465ee728b)
Start importing Assets/TreasureIcons/2d icons/treasure_icon0013.png using Guid(ac86018d61a9b1646a6dab757f553b8d) Importer(815301076,1909f56bfc062723c751e8b465ee728b)  -> (artifact id: '41dd12cef806107da283ca4f4d8c729f') in 0.043415 seconds 
========================================================================
Received Import Request.
  Time since last request: 0.000066 seconds.
  path: Assets/TreasureIcons/2d icons/treasure_icon0010.png
  artifactKey: Guid(8b440f9b56362fa439cf6777ae8e66b7) Importer(815301076,1909f56bfc062723c751e8b465ee728b)
Start importing Assets/TreasureIcons/2d icons/treasure_icon0010.png using Guid(8b440f9b56362fa439cf6777ae8e66b7) Importer(815301076,1909f56bfc062723c751e8b465ee728b)  -> (artifact id: '240c3b7b54d3f53cd6c32c1adea352f0') in 0.082343 seconds 
========================================================================
Received Import Request.
  Time since last request: 0.000025 seconds.
  path: Assets/TreasureIcons/2d icons/treasure_icon0016.png
  artifactKey: Guid(8f03d68852f207746b6e4667a67d399f) Importer(815301076,1909f56bfc062723c751e8b465ee728b)
Start importing Assets/TreasureIcons/2d icons/treasure_icon0016.png using Guid(8f03d68852f207746b6e4667a67d399f) Importer(815301076,1909f56bfc062723c751e8b465ee728b)  -> (artifact id: '4d77c7c50f2671302d5827201dbc63a0') in 0.037829 seconds 
========================================================================
Received Import Request.
  Time since last request: 0.000026 seconds.
  path: Assets/TreasureIcons/2d icons/treasure_icon0029.png
  artifactKey: Guid(ba1a21edf5ef76b48ae6b0d53893d40f) Importer(815301076,1909f56bfc062723c751e8b465ee728b)
Start importing Assets/TreasureIcons/2d icons/treasure_icon0029.png using Guid(ba1a21edf5ef76b48ae6b0d53893d40f) Importer(815301076,1909f56bfc062723c751e8b465ee728b)  -> (artifact id: '138dde4e6fceb98d064c1a5b8fca0e38') in 0.034501 seconds 
========================================================================
Received Import Request.
  Time since last request: 0.000018 seconds.
  path: Assets/TreasureIcons/2d icons/treasure_icon0028.png
  artifactKey: Guid(059a5538fb875a749a1ba8a9c2efd3e3) Importer(815301076,1909f56bfc062723c751e8b465ee728b)
Start importing Assets/TreasureIcons/2d icons/treasure_icon0028.png using Guid(059a5538fb875a749a1ba8a9c2efd3e3) Importer(815301076,1909f56bfc062723c751e8b465ee728b)  -> (artifact id: 'b11b405329939fd0bd2cf52ba3c461b6') in 0.066096 seconds 
========================================================================
Received Import Request.
  Time since last request: 0.000018 seconds.
  path: Assets/TreasureIcons/2d icons/treasure_icon0005.png
  artifactKey: Guid(c8989e3f50f231947bad3f1e177394e5) Importer(815301076,1909f56bfc062723c751e8b465ee728b)
Start importing Assets/TreasureIcons/2d icons/treasure_icon0005.png using Guid(c8989e3f50f231947bad3f1e177394e5) Importer(815301076,1909f56bfc062723c751e8b465ee728b)  -> (artifact id: 'f900449128392623e6d8a87c9b1bd044') in 0.043612 seconds 
========================================================================
Received Import Request.
  Time since last request: 0.000015 seconds.
  path: Assets/TreasureIcons/2d icons/treasure_icon0019.png
  artifactKey: Guid(0b5d755eb91897d4eb38385c4521bde0) Importer(815301076,1909f56bfc062723c751e8b465ee728b)
Start importing Assets/TreasureIcons/2d icons/treasure_icon0019.png using Guid(0b5d755eb91897d4eb38385c4521bde0) Importer(815301076,1909f56bfc062723c751e8b465ee728b)  -> (artifact id: 'dad097f3b5e38ae4b36fecff71b20271') in 0.034773 seconds 
========================================================================
Received Import Request.
  Time since last request: 0.000023 seconds.
  path: Assets/TreasureIcons/2d icons/treasure_icon0011.png
  artifactKey: Guid(f51b5e595bd67324f980ef37065310c9) Importer(815301076,1909f56bfc062723c751e8b465ee728b)
Start importing Assets/TreasureIcons/2d icons/treasure_icon0011.png using Guid(f51b5e595bd67324f980ef37065310c9) Importer(815301076,1909f56bfc062723c751e8b465ee728b)  -> (artifact id: '9f22a8a7a67c105d2f750d6d05a984c9') in 0.032098 seconds 
========================================================================
Received Import Request.
  Time since last request: 0.000023 seconds.
  path: Assets/TreasureIcons/2d icons/treasure_icon0030.png
  artifactKey: Guid(96b5a278a4991864f8022fb65fa59c71) Importer(815301076,1909f56bfc062723c751e8b465ee728b)
Start importing Assets/TreasureIcons/2d icons/treasure_icon0030.png using Guid(96b5a278a4991864f8022fb65fa59c71) Importer(815301076,1909f56bfc062723c751e8b465ee728b)  -> (artifact id: 'b60dcb94c0df9a2d6be618d38184ac4a') in 0.045829 seconds 
========================================================================
Received Import Request.
  Time since last request: 0.000017 seconds.
  path: Assets/TreasureIcons/2d icons/treasure_icon0018.png
  artifactKey: Guid(d61545681e4f2b04ebb9073149d44d45) Importer(815301076,1909f56bfc062723c751e8b465ee728b)
Start importing Assets/TreasureIcons/2d icons/treasure_icon0018.png using Guid(d61545681e4f2b04ebb9073149d44d45) Importer(815301076,1909f56bfc062723c751e8b465ee728b)  -> (artifact id: 'e6f18b2b00f2bb76b0479f0d2844ce3e') in 0.028807 seconds 
========================================================================
Received Import Request.
  Time since last request: 0.000017 seconds.
  path: Assets/TreasureIcons/2d icons/treasure_icon0009.png
  artifactKey: Guid(9c680e580dba2174780e89a033b76cbf) Importer(815301076,1909f56bfc062723c751e8b465ee728b)
Start importing Assets/TreasureIcons/2d icons/treasure_icon0009.png using Guid(9c680e580dba2174780e89a033b76cbf) Importer(815301076,1909f56bfc062723c751e8b465ee728b)  -> (artifact id: '8fe18370d69c2ef3906e2530cfaf51cb') in 0.032140 seconds 
========================================================================
Received Import Request.
  Time since last request: 0.000016 seconds.
  path: Assets/TreasureIcons/2d icons/treasure_icon0004.png
  artifactKey: Guid(8be9363893b7ee744b1a9b91f2cd57a4) Importer(815301076,1909f56bfc062723c751e8b465ee728b)
Start importing Assets/TreasureIcons/2d icons/treasure_icon0004.png using Guid(8be9363893b7ee744b1a9b91f2cd57a4) Importer(815301076,1909f56bfc062723c751e8b465ee728b)  -> (artifact id: '8f6e117ada981e5c398c9aa20b592743') in 0.031304 seconds 
========================================================================
Received Import Request.
  Time since last request: 0.000015 seconds.
  path: Assets/TreasureIcons/2d icons/treasure_icon0023.png
  artifactKey: Guid(43eecc39812da594091b9ccad786b8d2) Importer(815301076,1909f56bfc062723c751e8b465ee728b)
Start importing Assets/TreasureIcons/2d icons/treasure_icon0023.png using Guid(43eecc39812da594091b9ccad786b8d2) Importer(815301076,1909f56bfc062723c751e8b465ee728b)  -> (artifact id: '750531bb7b4760d611933e3d0f9f86dd') in 0.024378 seconds 
========================================================================
Received Import Request.
  Time since last request: 0.000021 seconds.
  path: Assets/TreasureIcons/2d icons/treasure_icon0038.png
  artifactKey: Guid(f50445ac2f6d5d4469eef47f2288d2b8) Importer(815301076,1909f56bfc062723c751e8b465ee728b)
Start importing Assets/TreasureIcons/2d icons/treasure_icon0038.png using Guid(f50445ac2f6d5d4469eef47f2288d2b8) Importer(815301076,1909f56bfc062723c751e8b465ee728b)  -> (artifact id: '7fe29e50ecab0589e6671a05902a64a3') in 0.033386 seconds 
========================================================================
Received Import Request.
  Time since last request: 0.000025 seconds.
  path: Assets/TreasureIcons/2d icons/treasure_icon0033.png
  artifactKey: Guid(540cfa3f44d95574fb6fe4e164d0f3a9) Importer(815301076,1909f56bfc062723c751e8b465ee728b)
Start importing Assets/TreasureIcons/2d icons/treasure_icon0033.png using Guid(540cfa3f44d95574fb6fe4e164d0f3a9) Importer(815301076,1909f56bfc062723c751e8b465ee728b)  -> (artifact id: '77c42f2293168cf574a48577de883a3d') in 0.043012 seconds 
========================================================================
Received Import Request.
  Time since last request: 0.000016 seconds.
  path: Assets/TreasureIcons/2d icons/treasure_icon0020.png
  artifactKey: Guid(5e45f285761b5c74fbfc5ca74aa3cb79) Importer(815301076,1909f56bfc062723c751e8b465ee728b)
Start importing Assets/TreasureIcons/2d icons/treasure_icon0020.png using Guid(5e45f285761b5c74fbfc5ca74aa3cb79) Importer(815301076,1909f56bfc062723c751e8b465ee728b)  -> (artifact id: '20db2d6db4dc0b87181314656822540f') in 0.040900 seconds 
========================================================================
Received Import Request.
  Time since last request: 0.000023 seconds.
  path: Assets/TreasureIcons/2d icons/treasure_icon0012.png
  artifactKey: Guid(8af03829c6633f049b60afad93a4fb0e) Importer(815301076,1909f56bfc062723c751e8b465ee728b)
Start importing Assets/TreasureIcons/2d icons/treasure_icon0012.png using Guid(8af03829c6633f049b60afad93a4fb0e) Importer(815301076,1909f56bfc062723c751e8b465ee728b)  -> (artifact id: '0e17d86f3dba91bc029d46613e559fe7') in 0.029485 seconds 
========================================================================
Received Import Request.
  Time since last request: 0.000018 seconds.
  path: Assets/TreasureIcons/2d icons/treasure_icon0007.png
  artifactKey: Guid(a385726383ad6294fbf0d26d93e12b0d) Importer(815301076,1909f56bfc062723c751e8b465ee728b)
Start importing Assets/TreasureIcons/2d icons/treasure_icon0007.png using Guid(a385726383ad6294fbf0d26d93e12b0d) Importer(815301076,1909f56bfc062723c751e8b465ee728b)  -> (artifact id: 'e34e06267995c50f3c10281a6fa10236') in 0.035784 seconds 
========================================================================
Received Import Request.
  Time since last request: 0.000018 seconds.
  path: Assets/TreasureIcons/ui_images/ui_backdrop.png
  artifactKey: Guid(b8ab5e7855c8d3641af524ad165b5bcf) Importer(815301076,1909f56bfc062723c751e8b465ee728b)
Start importing Assets/TreasureIcons/ui_images/ui_backdrop.png using Guid(b8ab5e7855c8d3641af524ad165b5bcf) Importer(815301076,1909f56bfc062723c751e8b465ee728b)  -> (artifact id: '26e9b6291609659215b3e991891de0bc') in 0.104682 seconds 
========================================================================
Received Import Request.
  Time since last request: 0.000020 seconds.
  path: Assets/TreasureIcons/2d icons/treasure_icon0021.png
  artifactKey: Guid(68785b0ede6829b43ac415402000b30f) Importer(815301076,1909f56bfc062723c751e8b465ee728b)
Start importing Assets/TreasureIcons/2d icons/treasure_icon0021.png using Guid(68785b0ede6829b43ac415402000b30f) Importer(815301076,1909f56bfc062723c751e8b465ee728b)  -> (artifact id: 'fabc9b51a5cb162bfd79e22d756d340f') in 0.070435 seconds 
========================================================================
Received Import Request.
  Time since last request: 0.000024 seconds.
  path: Assets/TreasureIcons/2d icons/treasure_icon0015.png
  artifactKey: Guid(1ca60a19309d01f47bb327178c9914bd) Importer(815301076,1909f56bfc062723c751e8b465ee728b)
Start importing Assets/TreasureIcons/2d icons/treasure_icon0015.png using Guid(1ca60a19309d01f47bb327178c9914bd) Importer(815301076,1909f56bfc062723c751e8b465ee728b)  -> (artifact id: '1c5c65a88e6db5d9cc2ff8dbf218c91b') in 0.063576 seconds 
========================================================================
Received Import Request.
  Time since last request: 0.000017 seconds.
  path: Assets/TreasureIcons/2d icons/treasure_icon0003.png
  artifactKey: Guid(3940bfc51af53364cba7643fee58db07) Importer(815301076,1909f56bfc062723c751e8b465ee728b)
Start importing Assets/TreasureIcons/2d icons/treasure_icon0003.png using Guid(3940bfc51af53364cba7643fee58db07) Importer(815301076,1909f56bfc062723c751e8b465ee728b)  -> (artifact id: '20857df770460f2e297b96d33a9ce40d') in 0.042812 seconds 
========================================================================
Received Import Request.
  Time since last request: 0.000017 seconds.
  path: Assets/TreasureIcons/2d icons/treasure_icon0035.png
  artifactKey: Guid(4630fd323739e0142ad31dc04783b2e1) Importer(815301076,1909f56bfc062723c751e8b465ee728b)
Start importing Assets/TreasureIcons/2d icons/treasure_icon0035.png using Guid(4630fd323739e0142ad31dc04783b2e1) Importer(815301076,1909f56bfc062723c751e8b465ee728b)  -> (artifact id: 'b5fc6804c0b7ae2545ff47c57a5bc460') in 0.040096 seconds 
========================================================================
Received Import Request.
  Time since last request: 0.000018 seconds.
  path: Assets/TreasureIcons/2d icons/treasure_icon0026.png
  artifactKey: Guid(fc766164080214e469c638e98ea8373d) Importer(815301076,1909f56bfc062723c751e8b465ee728b)
Start importing Assets/TreasureIcons/2d icons/treasure_icon0026.png using Guid(fc766164080214e469c638e98ea8373d) Importer(815301076,1909f56bfc062723c751e8b465ee728b)  -> (artifact id: '6cd781064d02c04ef6f6eab4b5956731') in 0.049264 seconds 
========================================================================
Received Import Request.
  Time since last request: 0.000020 seconds.
  path: Assets/TreasureIcons/ui_images/treasures_border.png
  artifactKey: Guid(a732b6bcae53a5b49943165a1f43befc) Importer(815301076,1909f56bfc062723c751e8b465ee728b)
Start importing Assets/TreasureIcons/ui_images/treasures_border.png using Guid(a732b6bcae53a5b49943165a1f43befc) Importer(815301076,1909f56bfc062723c751e8b465ee728b)  -> (artifact id: '83112ea861d66fdff57e398d33726386') in 0.122329 seconds 
========================================================================
Received Import Request.
  Time since last request: 0.000031 seconds.
  path: Assets/TreasureIcons/2d icons/treasure_icon0040.png
  artifactKey: Guid(33538469982f46440bcef5c96a3780de) Importer(815301076,1909f56bfc062723c751e8b465ee728b)
Start importing Assets/TreasureIcons/2d icons/treasure_icon0040.png using Guid(33538469982f46440bcef5c96a3780de) Importer(815301076,1909f56bfc062723c751e8b465ee728b)  -> (artifact id: '6cd73ef937ceae57696a5840b9bb3b95') in 0.166993 seconds 
========================================================================
Received Import Request.
  Time since last request: 0.000023 seconds.
  path: Assets/TreasureIcons/2d icons/treasure_icon0006.png
  artifactKey: Guid(dd1536eb454eef541977048da5c180af) Importer(815301076,1909f56bfc062723c751e8b465ee728b)
Start importing Assets/TreasureIcons/2d icons/treasure_icon0006.png using Guid(dd1536eb454eef541977048da5c180af) Importer(815301076,1909f56bfc062723c751e8b465ee728b)  -> (artifact id: 'f7eee647c61e10b19eae1a06fb79aa98') in 0.129719 seconds 
========================================================================
Received Import Request.
  Time since last request: 0.000029 seconds.
  path: Assets/TreasureIcons/2d icons/treasure_icon0022.png
  artifactKey: Guid(a6ef22761d44efd419969d460f011be5) Importer(815301076,1909f56bfc062723c751e8b465ee728b)
Start importing Assets/TreasureIcons/2d icons/treasure_icon0022.png using Guid(a6ef22761d44efd419969d460f011be5) Importer(815301076,1909f56bfc062723c751e8b465ee728b)  -> (artifact id: 'f67226576586caa4010e28e74faad157') in 0.081171 seconds 
========================================================================
Received Import Request.
  Time since last request: 0.000023 seconds.
  path: Assets/TreasureIcons/2d icons/treasure_icon0031.png
  artifactKey: Guid(888fe66f6dc3c0d4ab1769780367aac3) Importer(815301076,1909f56bfc062723c751e8b465ee728b)
Start importing Assets/TreasureIcons/2d icons/treasure_icon0031.png using Guid(888fe66f6dc3c0d4ab1769780367aac3) Importer(815301076,1909f56bfc062723c751e8b465ee728b)  -> (artifact id: 'ed79cbfe215499733bc638f4979f7178') in 0.034763 seconds 
========================================================================
Received Import Request.
  Time since last request: 0.000017 seconds.
  path: Assets/TreasureIcons/2d icons/treasure_icon0017.png
  artifactKey: Guid(c446ff76d4289fe4585d790b51e57ae5) Importer(815301076,1909f56bfc062723c751e8b465ee728b)
Start importing Assets/TreasureIcons/2d icons/treasure_icon0017.png using Guid(c446ff76d4289fe4585d790b51e57ae5) Importer(815301076,1909f56bfc062723c751e8b465ee728b)  -> (artifact id: '6293b49afdbfdccc8c512eeae653ab03') in 0.040300 seconds 
========================================================================
Received Import Request.
  Time since last request: 0.000018 seconds.
  path: Assets/TreasureIcons/2d icons/treasure_icon0032.png
  artifactKey: Guid(fe98f8728d56a2643b70bd8e0ce74b4c) Importer(815301076,1909f56bfc062723c751e8b465ee728b)
Start importing Assets/TreasureIcons/2d icons/treasure_icon0032.png using Guid(fe98f8728d56a2643b70bd8e0ce74b4c) Importer(815301076,1909f56bfc062723c751e8b465ee728b)  -> (artifact id: 'c865c827910cf7d02585ae66aeff3448') in 0.025940 seconds 
========================================================================
Received Import Request.
  Time since last request: 0.000017 seconds.
  path: Assets/TreasureIcons/2d icons/treasure_icon0027.png
  artifactKey: Guid(ab74dd01bc553544b9d39485599b2be1) Importer(815301076,1909f56bfc062723c751e8b465ee728b)
Start importing Assets/TreasureIcons/2d icons/treasure_icon0027.png using Guid(ab74dd01bc553544b9d39485599b2be1) Importer(815301076,1909f56bfc062723c751e8b465ee728b)  -> (artifact id: '0ee13fe7bb0ec9ae9c07769970fa6146') in 0.027775 seconds 
========================================================================
Received Import Request.
  Time since last request: 0.000019 seconds.
  path: Assets/TreasureIcons/2d icons/treasure_icon0039.png
  artifactKey: Guid(1ef14179262585547a02bf60d9222e4a) Importer(815301076,1909f56bfc062723c751e8b465ee728b)
Start importing Assets/TreasureIcons/2d icons/treasure_icon0039.png using Guid(1ef14179262585547a02bf60d9222e4a) Importer(815301076,1909f56bfc062723c751e8b465ee728b)  -> (artifact id: 'aa0bd5f277e7943ebce020f382fdfad0') in 0.046263 seconds 
========================================================================
Received Import Request.
  Time since last request: 0.000019 seconds.
  path: Assets/TreasureIcons/2d icons/treasure_icon0025.png
  artifactKey: Guid(8c2b4bef7e673a244b49aecd1d432b7c) Importer(815301076,1909f56bfc062723c751e8b465ee728b)
Start importing Assets/TreasureIcons/2d icons/treasure_icon0025.png using Guid(8c2b4bef7e673a244b49aecd1d432b7c) Importer(815301076,1909f56bfc062723c751e8b465ee728b)  -> (artifact id: 'ad118b28f0e50341f7e4f7e364220e74') in 0.063231 seconds 
========================================================================
Received Import Request.
  Time since last request: 0.000024 seconds.
  path: Assets/TreasureIcons/2d icons/treasure_icon0034.png
  artifactKey: Guid(35e235911cd8c294b98871a344cfbb65) Importer(815301076,1909f56bfc062723c751e8b465ee728b)
Start importing Assets/TreasureIcons/2d icons/treasure_icon0034.png using Guid(35e235911cd8c294b98871a344cfbb65) Importer(815301076,1909f56bfc062723c751e8b465ee728b)  -> (artifact id: '274c067911d1c404318d11b4d55f188a') in 0.036511 seconds 
========================================================================
Received Import Request.
  Time since last request: 0.000016 seconds.
  path: Assets/TreasureIcons/2d icons/treasure_icon0041.png
  artifactKey: Guid(131ede7ef95c2f84c9a6b05e2f1bf632) Importer(815301076,1909f56bfc062723c751e8b465ee728b)
Start importing Assets/TreasureIcons/2d icons/treasure_icon0041.png using Guid(131ede7ef95c2f84c9a6b05e2f1bf632) Importer(815301076,1909f56bfc062723c751e8b465ee728b)  -> (artifact id: 'bac6692d47f8432b48ea45d7e263ed33') in 0.072119 seconds 
========================================================================
Received Import Request.
  Time since last request: 0.000017 seconds.
  path: Assets/TreasureIcons/2d icons/treasure_icon0014.png
  artifactKey: Guid(a9e696de1e141ad4cb64267516eb3749) Importer(815301076,1909f56bfc062723c751e8b465ee728b)
Start importing Assets/TreasureIcons/2d icons/treasure_icon0014.png using Guid(a9e696de1e141ad4cb64267516eb3749) Importer(815301076,1909f56bfc062723c751e8b465ee728b)  -> (artifact id: '137ffad27eea5aea82606f29d400cbfb') in 0.036411 seconds 
========================================================================
Received Import Request.
  Time since last request: 0.000020 seconds.
  path: Assets/TreasureIcons/2d icons/treasure_icon0024.png
  artifactKey: Guid(9f7d725ca364960429d72c0509132bb1) Importer(815301076,1909f56bfc062723c751e8b465ee728b)
Start importing Assets/TreasureIcons/2d icons/treasure_icon0024.png using Guid(9f7d725ca364960429d72c0509132bb1) Importer(815301076,1909f56bfc062723c751e8b465ee728b)  -> (artifact id: '3da3d1275972acba3fc799bb2a285dcd') in 0.024673 seconds 
========================================================================
Received Import Request.
  Time since last request: 0.000021 seconds.
  path: Assets/TreasureIcons/2d icons/treasure_icon0008.png
  artifactKey: Guid(8649ae6e466afec44872e243d7b8954d) Importer(815301076,1909f56bfc062723c751e8b465ee728b)
Start importing Assets/TreasureIcons/2d icons/treasure_icon0008.png using Guid(8649ae6e466afec44872e243d7b8954d) Importer(815301076,1909f56bfc062723c751e8b465ee728b)  -> (artifact id: '89783305bc891297876a34fb0dc37d78') in 0.038192 seconds 
