Using pre-set license
Built from '2021.3/staging' branch; Version is '2021.3.16f1 (4016570cf34f) revision 4200023'; Using compiler version '192829333'; Build Type 'Release'
OS: 'Windows 10  (10.0.19045) 64bit Core' Language: 'ru' Physical Memory: 16301 MB
BatchMode: 1, IsHumanControllingUs: 0, StartBugReporterOnCrash: 0, Is64bit: 1, IsPro: 1

COMMAND LINE ARGUMENTS:
D:\Unity stuff\2021.3.16f1\Editor\Unity.exe
-adb2
-batchMode
-noUpm
-name
AssetImportWorker0
-projectPath
D:/менюха/Менюшка/My project
-logFile
Logs/AssetImportWorker0.log
-srvPort
51835
Successfully changed project path to: D:/менюха/Менюшка/My project
D:/менюха/Менюшка/My project
[UnityMemory] Configuration Parameters - Can be set up in boot.config
    "memorysetup-bucket-allocator-granularity=16"
    "memorysetup-bucket-allocator-bucket-count=8"
    "memorysetup-bucket-allocator-block-size=33554432"
    "memorysetup-bucket-allocator-block-count=8"
    "memorysetup-main-allocator-block-size=16777216"
    "memorysetup-thread-allocator-block-size=16777216"
    "memorysetup-gfx-main-allocator-block-size=16777216"
    "memorysetup-gfx-thread-allocator-block-size=16777216"
    "memorysetup-cache-allocator-block-size=4194304"
    "memorysetup-typetree-allocator-block-size=2097152"
    "memorysetup-profiler-bucket-allocator-granularity=16"
    "memorysetup-profiler-bucket-allocator-bucket-count=8"
    "memorysetup-profiler-bucket-allocator-block-size=33554432"
    "memorysetup-profiler-bucket-allocator-block-count=8"
    "memorysetup-profiler-allocator-block-size=16777216"
    "memorysetup-profiler-editor-allocator-block-size=1048576"
    "memorysetup-temp-allocator-size-main=16777216"
    "memorysetup-job-temp-allocator-block-size=2097152"
    "memorysetup-job-temp-allocator-block-size-background=1048576"
    "memorysetup-job-temp-allocator-reduction-small-platforms=262144"
    "memorysetup-temp-allocator-size-background-worker=32768"
    "memorysetup-temp-allocator-size-job-worker=262144"
    "memorysetup-temp-allocator-size-preload-manager=33554432"
    "memorysetup-temp-allocator-size-nav-mesh-worker=65536"
    "memorysetup-temp-allocator-size-audio-worker=65536"
    "memorysetup-temp-allocator-size-cloud-worker=32768"
    "memorysetup-temp-allocator-size-gi-baking-worker=262144"
    "memorysetup-temp-allocator-size-gfx=262144"
Player connection [11484] Host "[IP] 192.168.0.102 [Port] 0 [Flags] 2 [Guid] 4088816116 [EditorId] 4088816116 [Version] 1048832 [Id] WindowsEditor(7,DESKTOP-N8M7UOM) [Debug] 1 [PackageName] WindowsEditor [ProjectName] Editor" joined multi-casting on [225.0.0.222:54997]...

Player connection [11484] Host "[IP] 192.168.0.102 [Port] 0 [Flags] 2 [Guid] 4088816116 [EditorId] 4088816116 [Version] 1048832 [Id] WindowsEditor(7,DESKTOP-N8M7UOM) [Debug] 1 [PackageName] WindowsEditor [ProjectName] Editor" joined alternative multi-casting on [225.0.0.222:34997]...

Refreshing native plugins compatible for Editor in 79.52 ms, found 3 plugins.
Preloading 0 native plugins for Editor in 0.00 ms.
Initialize engine version: 2021.3.16f1 (4016570cf34f)
[Subsystems] Discovering subsystems at path D:/Unity stuff/2021.3.16f1/Editor/Data/Resources/UnitySubsystems
[Subsystems] Discovering subsystems at path D:/менюха/Менюшка/My project/Assets
GfxDevice: creating device client; threaded=0; jobified=0
Direct3D:
    Version:  Direct3D 11.0 [level 11.1]
    Renderer: NVIDIA GeForce GTX 1070 Ti (ID=0x1b82)
    Vendor:   NVIDIA
    VRAM:     8073 MB
    Driver:   31.0.15.2686
Initialize mono
Mono path[0] = 'D:/Unity stuff/2021.3.16f1/Editor/Data/Managed'
Mono path[1] = 'D:/Unity stuff/2021.3.16f1/Editor/Data/MonoBleedingEdge/lib/mono/unityjit-win32'
Mono config path = 'D:/Unity stuff/2021.3.16f1/Editor/Data/MonoBleedingEdge/etc'
Using monoOptions --debugger-agent=transport=dt_socket,embedding=1,server=y,suspend=n,address=127.0.0.1:56144
Begin MonoManager ReloadAssembly
Registering precompiled unity dll's ...
Register platform support module: D:/Unity stuff/2021.3.16f1/Editor/Data/PlaybackEngines/WebGLSupport/UnityEditor.WebGL.Extensions.dll
Register platform support module: D:/Unity stuff/2021.3.16f1/Editor/Data/PlaybackEngines/WindowsStandaloneSupport/UnityEditor.WindowsStandalone.Extensions.dll
Registered in 0.002977 seconds.
Native extension for WindowsStandalone target not found
Native extension for WebGL target not found
Refreshing native plugins compatible for Editor in 80.16 ms, found 3 plugins.
Preloading 0 native plugins for Editor in 0.00 ms.
Mono: successfully reloaded assembly
- Completed reload, in  0.588 seconds
Domain Reload Profiling:
	ReloadAssembly (588ms)
		BeginReloadAssembly (65ms)
			ExecutionOrderSort (0ms)
			DisableScriptedObjects (0ms)
			BackupInstance (0ms)
			ReleaseScriptingObjects (0ms)
			CreateAndSetChildDomain (1ms)
		EndReloadAssembly (427ms)
			LoadAssemblies (64ms)
			RebuildTransferFunctionScriptingTraits (0ms)
			SetupTypeCache (102ms)
			ReleaseScriptCaches (0ms)
			RebuildScriptCaches (27ms)
			SetupLoadedEditorAssemblies (252ms)
				LogAssemblyErrors (0ms)
				InitializePlatformSupportModulesInManaged (7ms)
				SetLoadedEditorAssemblies (0ms)
				RefreshPlugins (80ms)
				BeforeProcessingInitializeOnLoad (1ms)
				ProcessInitializeOnLoadAttributes (120ms)
				ProcessInitializeOnLoadMethodAttributes (43ms)
				AfterProcessingInitializeOnLoad (0ms)
				EditorAssembliesLoaded (0ms)
			ExecutionOrderSort2 (0ms)
			AwakeInstancesAfterBackupRestoration (0ms)
Platform modules already initialized, skipping
Registering precompiled user dll's ...
Registered in 0.004093 seconds.
Begin MonoManager ReloadAssembly
Native extension for WindowsStandalone target not found
Native extension for WebGL target not found
Refreshing native plugins compatible for Editor in 0.62 ms, found 3 plugins.
Preloading 0 native plugins for Editor in 0.00 ms.
Mono: successfully reloaded assembly
- Completed reload, in  0.977 seconds
Domain Reload Profiling:
	ReloadAssembly (978ms)
		BeginReloadAssembly (99ms)
			ExecutionOrderSort (0ms)
			DisableScriptedObjects (5ms)
			BackupInstance (0ms)
			ReleaseScriptingObjects (0ms)
			CreateAndSetChildDomain (19ms)
		EndReloadAssembly (772ms)
			LoadAssemblies (73ms)
			RebuildTransferFunctionScriptingTraits (0ms)
			SetupTypeCache (262ms)
			ReleaseScriptCaches (1ms)
			RebuildScriptCaches (49ms)
			SetupLoadedEditorAssemblies (356ms)
				LogAssemblyErrors (0ms)
				InitializePlatformSupportModulesInManaged (5ms)
				SetLoadedEditorAssemblies (0ms)
				RefreshPlugins (1ms)
				BeforeProcessingInitializeOnLoad (85ms)
				ProcessInitializeOnLoadAttributes (238ms)
				ProcessInitializeOnLoadMethodAttributes (23ms)
				AfterProcessingInitializeOnLoad (4ms)
				EditorAssembliesLoaded (0ms)
			ExecutionOrderSort2 (0ms)
			AwakeInstancesAfterBackupRestoration (6ms)
Platform modules already initialized, skipping
========================================================================
Worker process is ready to serve import requests
Launched and connected shader compiler UnityShaderCompiler.exe after 0.05 seconds
Refreshing native plugins compatible for Editor in 0.87 ms, found 3 plugins.
Preloading 0 native plugins for Editor in 0.00 ms.
Unloading 3554 Unused Serialized files (Serialized files now loaded: 0)
Unloading 37 unused Assets / (1.3 MB). Loaded Objects now: 4016.
Memory consumption went from 144.9 MB to 143.6 MB.
Total: 3.514300 ms (FindLiveObjects: 0.423000 ms CreateObjectMapping: 0.276100 ms MarkObjects: 2.505400 ms  DeleteObjects: 0.308500 ms)

AssetImportParameters requested are different than current active one (requested -> active):
  custom:video-decoder-ogg-theora: a1e56fd34408186e4bbccfd4996cb3dc -> 
  custom:container-muxer-webm: aa71ff27fc2769a1b78a27578f13a17b -> 
  custom:container-demuxer-webm: 4f35f7cbe854078d1ac9338744f61a02 -> 
  custom:video-encoder-webm-vp8: eb34c28f22e8b96e1ab97ce403110664 -> 
  custom:video-codec-MediaFoundation-h265: e54d7ab0439102e2317fc1e4b246158d -> 
  custom:audio-encoder-webm-vorbis: bf7c407c2cedff20999df2af8eb42d56 -> 
  custom:framework-win-MediaFoundation: 216162199b28c13a410421893ffa2e32 -> 
  custom:container-demuxer-ogg: 62fdf1f143b41e24485cea50d1cbac27 -> 
  custom:video-decoder-webm-vp8: 9c59270c3fd7afecdb556c50c9e8de78 -> 
  custom:audio-decoder-ogg-vorbis: bf7c407c2cedff20999df2af8eb42d56 -> 
========================================================================
Received Import Request.
  Time since last request: 45828.456511 seconds.
  path: Assets/LeonText/Sword.png
  artifactKey: Guid(c845f7c67081ece449fb748ff83c6698) Importer(815301076,1909f56bfc062723c751e8b465ee728b)
Start importing Assets/LeonText/Sword.png using Guid(c845f7c67081ece449fb748ff83c6698) Importer(815301076,1909f56bfc062723c751e8b465ee728b)  -> (artifact id: 'f0b2a921400e66de974c71c27cc56f56') in 0.111715 seconds 
========================================================================
Received Import Request.
  Time since last request: 0.000053 seconds.
  path: Assets/LeonText/ShieldLion.png
  artifactKey: Guid(b3857bb9d5cb9cc43b437fc235149eb3) Importer(815301076,1909f56bfc062723c751e8b465ee728b)
Start importing Assets/LeonText/ShieldLion.png using Guid(b3857bb9d5cb9cc43b437fc235149eb3) Importer(815301076,1909f56bfc062723c751e8b465ee728b)  -> (artifact id: 'a07b1c516cd20d3414256da63f8281e8') in 0.023892 seconds 
========================================================================
Received Import Request.
  Time since last request: 3.041129 seconds.
  path: Assets/LeonText/Sword.png
  artifactKey: Guid(c845f7c67081ece449fb748ff83c6698) Importer(815301076,1909f56bfc062723c751e8b465ee728b)
Start importing Assets/LeonText/Sword.png using Guid(c845f7c67081ece449fb748ff83c6698) Importer(815301076,1909f56bfc062723c751e8b465ee728b)  -> (artifact id: 'b3caa3b3cfd04bcf7f96067183a58b6e') in 0.007787 seconds 
========================================================================
Received Import Request.
  Time since last request: 4.919798 seconds.
  path: Assets/LeonText/ShieldLion.png
  artifactKey: Guid(b3857bb9d5cb9cc43b437fc235149eb3) Importer(815301076,1909f56bfc062723c751e8b465ee728b)
Start importing Assets/LeonText/ShieldLion.png using Guid(b3857bb9d5cb9cc43b437fc235149eb3) Importer(815301076,1909f56bfc062723c751e8b465ee728b)  -> (artifact id: 'cb42148e42117f2013d7c4aef11075be') in 0.013010 seconds 
========================================================================
Received Import Request.
  Time since last request: 4.229870 seconds.
  path: Assets/LeonText/Sword.png
  artifactKey: Guid(c845f7c67081ece449fb748ff83c6698) Importer(815301076,1909f56bfc062723c751e8b465ee728b)
Start importing Assets/LeonText/Sword.png using Guid(c845f7c67081ece449fb748ff83c6698) Importer(815301076,1909f56bfc062723c751e8b465ee728b)  -> (artifact id: '29e946c3ce06378d01fb86e0722b6312') in 0.070980 seconds 
========================================================================
Received Import Request.
  Time since last request: 3.950797 seconds.
  path: Assets/LeonText/ShieldLion.png
  artifactKey: Guid(b3857bb9d5cb9cc43b437fc235149eb3) Importer(815301076,1909f56bfc062723c751e8b465ee728b)
Start importing Assets/LeonText/ShieldLion.png using Guid(b3857bb9d5cb9cc43b437fc235149eb3) Importer(815301076,1909f56bfc062723c751e8b465ee728b)  -> (artifact id: '73a800c2247f39d981b0a8c07968bc90') in 0.056993 seconds 
